<component name="ArtifactManager">
  <artifact type="war" name="JunitTest:war">
    <output-path>$PROJECT_DIR$/target</output-path>
    <properties id="maven-jee-properties">
      <options>
        <module>JunitTest</module>
        <packaging>war</packaging>
      </options>
    </properties>
    <root id="archive" name="JuninTest.war">
      <element id="artifact" artifact-name="JunitTest:war exploded" />
    </root>
  </artifact>
</component>